<?xml version="1.0" encoding="UTF-8"?>
<testng-results skipped="0" failed="0" ignored="0" total="1" passed="1">
  <reporter-output>
  </reporter-output>
  <suite name="Default suite" duration-ms="10609" started-at="2017-05-08T09:55:58Z" finished-at="2017-05-08T09:56:09Z">
    <groups>
    </groups>
    <test name="Default test" duration-ms="10609" started-at="2017-05-08T09:55:58Z" finished-at="2017-05-08T09:56:09Z">
      <class name="phpTravels.pack.tests.SignInTest">
        <test-method status="PASS" signature="SetUp()[pri:0, instance:phpTravels.pack.tests.SignInTest@59f99ea]" name="SetUp" is-config="true" duration-ms="10376" started-at="2017-05-08T16:55:58Z" finished-at="2017-05-08T16:56:08Z">
          <reporter-output>
          </reporter-output>
        </test-method> <!-- SetUp -->
        <test-method status="PASS" signature="checkClickSignUpSuccess()[pri:0, instance:phpTravels.pack.tests.SignInTest@59f99ea]" name="checkClickSignUpSuccess" duration-ms="211" started-at="2017-05-08T16:56:08Z" finished-at="2017-05-08T16:56:09Z">
          <reporter-output>
          </reporter-output>
        </test-method> <!-- checkClickSignUpSuccess -->
      </class> <!-- phpTravels.pack.tests.SignInTest -->
    </test> <!-- Default test -->
  </suite> <!-- Default suite -->
</testng-results>
